<?xml version="1.0" encoding="UTF-8"?>
<!-- Generated by org.testng.reporters.JUnitXMLReporter -->
<testsuite ignored="0" hostname="HP" failures="0" tests="2" name="Test3" time="95.543" errors="0" timestamp="2021-11-05T22:58:38 IST">
  <testcase classname="com.crm.comcast.organizationtest.CreateOrganisationTest" name="createOrgTest" time="32.411"/>
  <testcase classname="com.crm.comcast.organizationtest.CreateOrganisationTest" name="createOrgWithIndustriesTest" time="28.846"/>
</testsuite> <!-- Test3 -->
