<?xml version="1.0" encoding="UTF-8"?>
<!-- Generated by org.testng.reporters.JUnitXMLReporter -->
<testsuite ignored="2" hostname="HP" failures="0" tests="2" name="Test" time="136.366" errors="0" timestamp="2021-11-16T11:16:04 IST">
  <testcase classname="com.crm.comcast.organizationtest.CreateOrganisationTest" name="createOrgWithIndustriesTest" time="32.038"/>
  <testcase classname="com.crm.comcast.contactstest.CreateContactTest" name="createContTest" time="49.847"/>
  <testcase classname="com.crm.comcast.contactstest.CreateContactTest" name="createCont2Test" time="0.0">
    <ignored/>
  </testcase> <!-- createCont2Test -->
  <testcase classname="com.crm.comcast.organizationtest.CreateOrganisationTest" name="createOrgTest" time="0.0">
    <ignored/>
  </testcase> <!-- createOrgTest -->
</testsuite> <!-- Test -->
