<?xml version="1.0" encoding="UTF-8"?>
<testng-results ignored="0" total="1" passed="1" failed="0" skipped="0">
  <reporter-output>
    <line>
      <![CDATA[testng]]>
    </line>
  </reporter-output>
  <suite started-at="2021-12-12T08:59:49 IST" name="Default suite" finished-at="2021-12-12T08:59:51 IST" duration-ms="2195">
    <groups>
    </groups>
    <test started-at="2021-12-12T08:59:49 IST" name="Default test" finished-at="2021-12-12T08:59:51 IST" duration-ms="2195">
      <class name="extentReports.Reports">
        <test-method signature="extent()[pri:0, instance:extentReports.Reports@6631f5ca]" started-at="2021-12-12T08:59:49 IST" name="extent" finished-at="2021-12-12T08:59:51 IST" duration-ms="2062" status="PASS">
          <reporter-output>
            <line>
              <![CDATA[testng]]>
            </line>
          </reporter-output>
        </test-method> <!-- extent -->
      </class> <!-- extentReports.Reports -->
    </test> <!-- Default test -->
  </suite> <!-- Default suite -->
</testng-results>
