<?xml version="1.0" encoding="UTF-8"?>
<testng-results ignored="0" total="2" passed="1" failed="1" skipped="0">
  <reporter-output>
  </reporter-output>
  <suite started-at="2021-11-28T01:01:01 IST" name="Default suite" finished-at="2021-11-28T01:02:09 IST" duration-ms="68483">
    <groups>
      <group name="regression">
        <method signature="CreateContactTest.createCont2Test()[pri:0, instance:com.crm.comcast.contactstest.CreateContactTest@2a2bb0eb]" name="createCont2Test" class="com.crm.comcast.contactstest.CreateContactTest"/>
      </group> <!-- regression -->
      <group name="smoke">
        <method signature="CreateContactTest.createContTest()[pri:0, instance:com.crm.comcast.contactstest.CreateContactTest@2a2bb0eb]" name="createContTest" class="com.crm.comcast.contactstest.CreateContactTest"/>
      </group> <!-- smoke -->
    </groups>
    <test started-at="2021-11-28T01:01:01 IST" name="Default test" finished-at="2021-11-28T01:02:09 IST" duration-ms="68483">
      <class name="com.crm.comcast.contactstest.CreateContactTest">
        <test-method is-config="true" signature="configBc()[pri:0, instance:com.crm.comcast.contactstest.CreateContactTest@2a2bb0eb]" started-at="2021-11-28T01:01:02 IST" name="configBc" finished-at="2021-11-28T01:01:05 IST" duration-ms="3850" status="PASS">
          <reporter-output>
          </reporter-output>
        </test-method> <!-- configBc -->
        <test-method is-config="true" signature="configBm()[pri:0, instance:com.crm.comcast.contactstest.CreateContactTest@2a2bb0eb]" started-at="2021-11-28T01:01:05 IST" name="configBm" finished-at="2021-11-28T01:01:13 IST" duration-ms="7388" status="PASS">
          <reporter-output>
          </reporter-output>
        </test-method> <!-- configBm -->
        <test-method signature="createCont2Test()[pri:0, instance:com.crm.comcast.contactstest.CreateContactTest@2a2bb0eb]" started-at="2021-11-28T01:01:13 IST" name="createCont2Test" finished-at="2021-11-28T01:01:46 IST" duration-ms="33381" status="PASS">
          <reporter-output>
          </reporter-output>
        </test-method> <!-- createCont2Test -->
        <test-method is-config="true" signature="configAm()[pri:0, instance:com.crm.comcast.contactstest.CreateContactTest@2a2bb0eb]" started-at="2021-11-28T01:01:46 IST" name="configAm" finished-at="2021-11-28T01:01:49 IST" duration-ms="2502" status="PASS">
          <reporter-output>
          </reporter-output>
        </test-method> <!-- configAm -->
        <test-method signature="createContTest()[pri:0, instance:com.crm.comcast.contactstest.CreateContactTest@2a2bb0eb]" started-at="2021-11-28T01:01:49 IST" name="createContTest" finished-at="2021-11-28T01:02:08 IST" duration-ms="19352" status="FAIL">
          <exception class="org.openqa.selenium.UnhandledAlertException">
            <message>
              <![CDATA[unexpected alert open: {Alert text : Organization Name Already Exists!}
  (Session info: chrome=96.0.4664.45): Organization Name Already Exists!
Build info: version: '3.141.59', revision: 'e82be7d358', time: '2018-11-14T08:17:03'
System info: host: 'HP', ip: '192.168.0.114', os.name: 'Windows 8.1', os.arch: 'amd64', os.version: '6.3', java.version: '16.0.2'
Driver info: org.openqa.selenium.chrome.ChromeDriver
Capabilities {acceptInsecureCerts: false, browserName: chrome, browserVersion: 96.0.4664.45, chrome: {chromedriverVersion: 96.0.4664.45 (76e4c1bb2ab46..., userDataDir: C:\Users\Biswajit\AppData\L...}, goog:chromeOptions: {debuggerAddress: localhost:4745}, javascriptEnabled: true, networkConnectionEnabled: false, pageLoadStrategy: normal, platform: WINDOWS, platformName: WINDOWS, proxy: Proxy(), setWindowRect: true, strictFileInteractability: false, timeouts: {implicit: 0, pageLoad: 300000, script: 30000}, unhandledPromptBehavior: dismiss and notify, webauthn:extension:credBlob: true, webauthn:extension:largeBlob: true, webauthn:virtualAuthenticators: true}
Session ID: 762b0edbae141991f9369a41e05c2a94]]>
            </message>
            <full-stacktrace>
              <![CDATA[org.openqa.selenium.UnhandledAlertException: unexpected alert open: {Alert text : Organization Name Already Exists!}
  (Session info: chrome=96.0.4664.45): Organization Name Already Exists!
Build info: version: '3.141.59', revision: 'e82be7d358', time: '2018-11-14T08:17:03'
System info: host: 'HP', ip: '192.168.0.114', os.name: 'Windows 8.1', os.arch: 'amd64', os.version: '6.3', java.version: '16.0.2'
Driver info: org.openqa.selenium.chrome.ChromeDriver
Capabilities {acceptInsecureCerts: false, browserName: chrome, browserVersion: 96.0.4664.45, chrome: {chromedriverVersion: 96.0.4664.45 (76e4c1bb2ab46..., userDataDir: C:\Users\Biswajit\AppData\L...}, goog:chromeOptions: {debuggerAddress: localhost:4745}, javascriptEnabled: true, networkConnectionEnabled: false, pageLoadStrategy: normal, platform: WINDOWS, platformName: WINDOWS, proxy: Proxy(), setWindowRect: true, strictFileInteractability: false, timeouts: {implicit: 0, pageLoad: 300000, script: 30000}, unhandledPromptBehavior: dismiss and notify, webauthn:extension:credBlob: true, webauthn:extension:largeBlob: true, webauthn:virtualAuthenticators: true}
Session ID: 762b0edbae141991f9369a41e05c2a94
at org.openqa.selenium.remote.http.W3CHttpResponseCodec.decode(W3CHttpResponseCodec.java:120)
at org.openqa.selenium.remote.http.W3CHttpResponseCodec.decode(W3CHttpResponseCodec.java:49)
at org.openqa.selenium.remote.HttpCommandExecutor.execute(HttpCommandExecutor.java:158)
at org.openqa.selenium.remote.service.DriverCommandExecutor.execute(DriverCommandExecutor.java:83)
at org.openqa.selenium.remote.RemoteWebDriver.execute(RemoteWebDriver.java:552)
at org.openqa.selenium.remote.RemoteWebDriver.execute(RemoteWebDriver.java:609)
at org.openqa.selenium.remote.RemoteWebDriver.getScreenshotAs(RemoteWebDriver.java:295)
at com.crm.comcast.genericutility.ListenerImpl.onTestFailure(ListenerImpl.java:45)
at org.testng.internal.TestListenerHelper.runTestListeners(TestListenerHelper.java:96)
at org.testng.internal.TestInvoker.runTestResultListener(TestInvoker.java:219)
at org.testng.internal.TestInvoker.invokeMethod(TestInvoker.java:656)
at org.testng.internal.TestInvoker.invokeTestMethod(TestInvoker.java:173)
at org.testng.internal.MethodRunner.runInSequence(MethodRunner.java:46)
at org.testng.internal.TestInvoker$MethodInvocationAgent.invoke(TestInvoker.java:824)
at org.testng.internal.TestInvoker.invokeTestMethods(TestInvoker.java:146)
at org.testng.internal.TestMethodWorker.invokeTestMethods(TestMethodWorker.java:146)
at org.testng.internal.TestMethodWorker.run(TestMethodWorker.java:128)
at java.base/java.util.ArrayList.forEach(ArrayList.java:1511)
at org.testng.TestRunner.privateRun(TestRunner.java:794)
at org.testng.TestRunner.run(TestRunner.java:596)
at org.testng.SuiteRunner.runTest(SuiteRunner.java:377)
at org.testng.SuiteRunner.runSequentially(SuiteRunner.java:371)
at org.testng.SuiteRunner.privateRun(SuiteRunner.java:332)
at org.testng.SuiteRunner.run(SuiteRunner.java:276)
at org.testng.SuiteRunnerWorker.runSuite(SuiteRunnerWorker.java:53)
at org.testng.SuiteRunnerWorker.run(SuiteRunnerWorker.java:96)
at org.testng.TestNG.runSuitesSequentially(TestNG.java:1212)
at org.testng.TestNG.runSuitesLocally(TestNG.java:1134)
at org.testng.TestNG.runSuites(TestNG.java:1063)
at org.testng.TestNG.run(TestNG.java:1031)
at org.testng.remote.AbstractRemoteTestNG.run(AbstractRemoteTestNG.java:115)
at org.testng.remote.RemoteTestNG.initAndRun(RemoteTestNG.java:251)
at org.testng.remote.RemoteTestNG.main(RemoteTestNG.java:77)
]]>
            </full-stacktrace>
          </exception> <!-- org.openqa.selenium.UnhandledAlertException -->
          <reporter-output>
          </reporter-output>
        </test-method> <!-- createContTest -->
        <test-method is-config="true" signature="configBm()[pri:0, instance:com.crm.comcast.contactstest.CreateContactTest@2a2bb0eb]" started-at="2021-11-28T01:01:49 IST" name="configBm" finished-at="2021-11-28T01:01:55 IST" duration-ms="5810" status="PASS">
          <reporter-output>
          </reporter-output>
        </test-method> <!-- configBm -->
        <test-method is-config="true" signature="configAc()[pri:0, instance:com.crm.comcast.contactstest.CreateContactTest@2a2bb0eb]" started-at="2021-11-28T01:02:09 IST" name="configAc" finished-at="2021-11-28T01:02:09 IST" duration-ms="930" status="PASS">
          <reporter-output>
          </reporter-output>
        </test-method> <!-- configAc -->
      </class> <!-- com.crm.comcast.contactstest.CreateContactTest -->
    </test> <!-- Default test -->
  </suite> <!-- Default suite -->
</testng-results>
